#
# A fatal error has been detected by the Java Runtime Environment:
#
#  EXCEPTION_ACCESS_VIOLATION (0xc0000005) at pc=0x00007ffc88d6e9a7, pid=3468, tid=4128
#
# JRE version: OpenJDK Runtime Environment JBR-17.0.5+1-653.14-jcef (17.0.5+1) (build 17.0.5+1-b653.14)
# Java VM: OpenJDK 64-Bit Server VM JBR-17.0.5+1-653.14-jcef (17.0.5+1-b653.14, mixed mode, tiered, compressed oops, compressed class ptrs, g1 gc, windows-amd64)
# Problematic frame:
# C  [igxelpicd64.dll+0x28e9a7]
#
# No core dump will be written. Minidumps are not enabled by default on client versions of Windows
#
# If you would like to submit a bug report, please visit:
#   https://youtrack.jetbrains.com/issues/JBR
# The crash happened outside the Java Virtual Machine in native code.
# See problematic frame for where to report the bug.
#

---------------  S U M M A R Y ------------

Command Line: -agentlib:jdwp=transport=dt_socket,server=n,suspend=y,address=127.0.0.1:54233 -Dfile.encoding=windows-1252 -Duser.country=GB -Duser.language=en -Duser.variant com.mygdx.game.DesktopLauncher

Host: 12th Gen Intel(R) Core(TM) i5-1235U, 12 cores, 7G,  Windows 11 , 64 bit Build 22621 (10.0.22621.1105)
Time: Sun Jan 22 08:56:46 2023 GMT Standard Time elapsed time: 171.420578 seconds (0d 0h 2m 51s)

---------------  T H R E A D  ---------------

Current thread (0x0000023f32e4ad40):  JavaThread "JDWP Transport Listener: dt_socket" daemon [_thread_in_native, id=4128, stack(0x000000a090e00000,0x000000a090f00000)]

Stack: [0x000000a090e00000,0x000000a090f00000],  sp=0x000000a090efeb30,  free space=1018k
Native frames: (J=compiled Java code, j=interpreted, Vv=VM code, C=native code)
C