#
# A fatal error has been detected by the Java Runtime Environment:
#
#  EXCEPTION_ACCESS_VIOLATION (0xc0000005) at pc=0x00007ffc54fc1a34, pid=22060, tid=19024
#
# JRE version: OpenJDK Runtime Environment JBR-17.0.5+1-653.23-jcef (17.0.5+1) (build 17.0.5+1-b653.23)
# Java VM: OpenJDK 64-Bit Server VM JBR-17.0.5+1-653.23-jcef (17.0.5+1-b653.23, mixed mode, tiered, compressed oops, compressed class ptrs, g1 gc, windows-amd64)
# Problematic frame:
# C  [igxelpicd64.dll+0x2c1a34]
#
# No core dump will be written. Minidumps are not enabled by default on client versions of Windows
#
# If you would like to submit a bug report, please visit:
#   https://youtrack.jetbrains.com/issues/JBR
# The crash happened outside the Java Virtual Machine in native code.
# See problematic frame for where to report the bug.
#

---------------  S U M M A R Y ------------

Command Line: -agentlib:jdwp=transport=dt_socket,server=n,suspend=y,address=127.0.0.1:57409 -Dfile.encoding=windows-1252 -Duser.country=GB -Duser.language=en -Duser.variant com.mygdx.game.DesktopLauncher

Host: 12th Gen Intel(R) Core(TM) i5-1235U, 12 cores, 7G,  Windows 11 , 64 bit Build 22621 (10.0.22621.1105)
Time: Thu Jan 26 14:06:09 2023 GMT Standard Time elapsed time: 22.325037 seconds (0d 0h 0m 22s)

---------------  T H R E A D  ---------------

Current thread (0x00000163cb216110):  JavaThread "JDWP Transport Listener: dt_socket" daemon [_thread_in_native, id=19024, stack(0x0000005044e00000,0x0000005044f00000)]

Stack: [0x0000005044e00000,0x0000005044f00000],  sp=0x0000005044efe720,  free space=1017k
Native frames: (J=compiled Java code, j=interpreted, Vv=VM code, C=native code)
C