#
# A fatal error has been detected by the Java Runtime Environment:
#
#  EXCEPTION_ACCESS_VIOLATION (0xc0000005) at pc=0x00007ffc9057f2e0, pid=16296, tid=12816
#
# JRE version: OpenJDK Runtime Environment JBR-17.0.5+1-653.14-jcef (17.0.5+1) (build 17.0.5+1-b653.14)
# Java VM: OpenJDK 64-Bit Server VM JBR-17.0.5+1-653.14-jcef (17.0.5+1-b653.14, mixed mode, tiered, compressed oops, compressed class ptrs, g1 gc, windows-amd64)
# Problematic frame:
# C  [igxelpicd64.dll+0x28f2e0]
#
# No core dump will be written. Minidumps are not enabled by default on client versions of Windows
#
# If you would like to submit a bug report, please visit:
#   https://youtrack.jetbrains.com/issues/JBR
# The crash happened outside the Java Virtual Machine in native code.
# See problematic frame for where to report the bug.
#

---------------  S U M M A R Y ------------

Command Line: -agentlib:jdwp=transport=dt_socket,server=n,suspend=y,address=127.0.0.1:59428 -Dfile.encoding=windows-1252 -Duser.country=GB -Duser.language=en -Duser.variant com.mygdx.game.DesktopLauncher

Host: 12th Gen Intel(R) Core(TM) i5-1235U, 12 cores, 7G,  Windows 11 , 64 bit Build 22621 (10.0.22621.1105)
Time: Thu Jan 19 17:17:23 2023 GMT Standard Time elapsed time: 184.167254 seconds (0d 0h 3m 4s)

---------------  T H R E A D  ---------------

Current thread (0x000001eec79e2d00):  JavaThread "JDWP Transport Listener: dt_socket" daemon [_thread_in_native, id=12816, stack(0x0000009b36800000,0x0000009b36900000)]

Stack: [0x0000009b36800000,0x0000009b36900000],  sp=0x0000009b368fec50,  free space=1019k
Native frames: (J=compiled Java code, j=interpreted, Vv=VM code, C=native code)
C  [igxelpicd64.dll+0x28f2e0]
